app/build/intermediates/manifest_merge_blame_file/debug/manifest-merger-blame-debug-report.txt
1<?xml version="1.0" encoding="utf-8"?>
2<manifest xmlns:android="http://schemas.android.com/apk/res/android"
3    package="tranthanh.dmt.appbanhang"
4    android:versionCode="1"
5    android:versionName="1.0" >
6
7    <uses-sdk
8        android:minSdkVersion="22"
8-->src\main\AndroidManifest.xml
9        android:targetSdkVersion="30" />
9-->src\main\AndroidManifest.xml
10
11    <uses-permission android:name="android.permission.INTERNET" />
11-->src\main\AndroidManifest.xml:4:5-66
11-->src\main\AndroidManifest.xml:4:22-64
12    <uses-permission android:name="android.permission.ACCESS_NETWORK_STATE" />
12-->src\main\AndroidManifest.xml:5:5-78
12-->src\main\AndroidManifest.xml:5:22-76
13
14    <application
14-->src\main\AndroidManifest.xml:6:5-21:19
15        android:allowBackup="true"
15-->src\main\AndroidManifest.xml:8:9-35
16        android:appComponentFactory="androidx.core.app.CoreComponentFactory"
16-->[androidx.core:core:1.3.2] AndroidManifest.xml:24:18-86
17        android:debuggable="true"
18        android:icon="@mipmap/ic_launcher"
18-->src\main\AndroidManifest.xml:9:9-43
19        android:label="@string/app_name"
19-->src\main\AndroidManifest.xml:10:9-41
20        android:roundIcon="@mipmap/ic_launcher_round"
20-->src\main\AndroidManifest.xml:11:9-54
21        android:supportsRtl="true"
21-->src\main\AndroidManifest.xml:12:9-35
22        android:testOnly="true"
23        android:theme="@style/Theme.AppBanHang"
23-->src\main\AndroidManifest.xml:13:9-48
24        android:usesCleartextTraffic="true" >
24-->src\main\AndroidManifest.xml:7:9-44
25        <activity
25-->src\main\AndroidManifest.xml:14:9-20:20
26            android:name="tranthanh.dmt.appbanhang.MainActivity"
26-->src\main\AndroidManifest.xml:14:19-47
27            android:screenOrientation="landscape" >
27-->src\main\AndroidManifest.xml:14:48-85
28            <intent-filter>
28-->src\main\AndroidManifest.xml:15:13-19:29
29                <action android:name="android.intent.action.MAIN" />
29-->src\main\AndroidManifest.xml:16:17-69
29-->src\main\AndroidManifest.xml:16:25-66
30
31                <category android:name="android.intent.category.LAUNCHER" />
31-->src\main\AndroidManifest.xml:18:17-77
31-->src\main\AndroidManifest.xml:18:27-74
32            </intent-filter>
33        </activity>
34
35        <service
35-->[com.google.firebase:firebase-database:19.7.0] AndroidManifest.xml:29:9-35:19
36            android:name="com.google.firebase.components.ComponentDiscoveryService"
36-->[com.google.firebase:firebase-database:19.7.0] AndroidManifest.xml:30:13-84
37            android:directBootAware="true"
37-->[com.google.firebase:firebase-common:19.5.0] AndroidManifest.xml:35:13-43
38            android:exported="false" >
38-->[com.google.firebase:firebase-database:19.7.0] AndroidManifest.xml:31:13-37
39            <meta-data
39-->[com.google.firebase:firebase-database:19.7.0] AndroidManifest.xml:32:13-34:85
40                android:name="com.google.firebase.components:com.google.firebase.database.DatabaseRegistrar"
40-->[com.google.firebase:firebase-database:19.7.0] AndroidManifest.xml:33:17-109
41                android:value="com.google.firebase.components.ComponentRegistrar" />
41-->[com.google.firebase:firebase-database:19.7.0] AndroidManifest.xml:34:17-82
42            <!--
43                This registrar is not defined in the dynamic-module-support sdk itself to allow non-firebase
44                clients to use it as well, by defining this registrar in their own core/common library.
45            -->
46            <meta-data
46-->[com.google.firebase:firebase-common:19.5.0] AndroidManifest.xml:43:13-45:85
47                android:name="com.google.firebase.components:com.google.firebase.dynamicloading.DynamicLoadingRegistrar"
47-->[com.google.firebase:firebase-common:19.5.0] AndroidManifest.xml:44:17-121
48                android:value="com.google.firebase.components.ComponentRegistrar" />
48-->[com.google.firebase:firebase-common:19.5.0] AndroidManifest.xml:45:17-82
49        </service>
50
51        <activity
51-->[com.google.android.gms:play-services-base:17.0.0] AndroidManifest.xml:23:9-26:75
52            android:name="com.google.android.gms.common.api.GoogleApiActivity"
52-->[com.google.android.gms:play-services-base:17.0.0] AndroidManifest.xml:24:13-79
53            android:exported="false"
53-->[com.google.android.gms:play-services-base:17.0.0] AndroidManifest.xml:25:13-37
54            android:theme="@android:style/Theme.Translucent.NoTitleBar" />
54-->[com.google.android.gms:play-services-base:17.0.0] AndroidManifest.xml:26:13-72
55
56        <provider
56-->[com.google.firebase:firebase-common:19.5.0] AndroidManifest.xml:26:9-31:39
57            android:name="com.google.firebase.provider.FirebaseInitProvider"
57-->[com.google.firebase:firebase-common:19.5.0] AndroidManifest.xml:27:13-77
58            android:authorities="tranthanh.dmt.appbanhang.firebaseinitprovider"
58-->[com.google.firebase:firebase-common:19.5.0] AndroidManifest.xml:28:13-72
59            android:directBootAware="true"
59-->[com.google.firebase:firebase-common:19.5.0] AndroidManifest.xml:29:13-43
60            android:exported="false"
60-->[com.google.firebase:firebase-common:19.5.0] AndroidManifest.xml:30:13-37
61            android:initOrder="100" />
61-->[com.google.firebase:firebase-common:19.5.0] AndroidManifest.xml:31:13-36
62
63        <meta-data
63-->[com.google.android.gms:play-services-basement:17.0.0] AndroidManifest.xml:23:9-25:69
64            android:name="com.google.android.gms.version"
64-->[com.google.android.gms:play-services-basement:17.0.0] AndroidManifest.xml:24:13-58
65            android:value="@integer/google_play_services_version" />
65-->[com.google.android.gms:play-services-basement:17.0.0] AndroidManifest.xml:25:13-66
66    </application>
67
68</manifest>